{"name": "Проверка, что созданный новый заказ, отображается в разделе \"В работе\" на странице \"Лента заказов\"", "status": "broken", "statusDetails": {"message": "selenium.common.exceptions.TimeoutException: Message:", "trace": "self = <tests.test_order_list_page.TestOrderListPage object at 0x73d234585210>, driver = <selenium.webdriver.firefox.webdriver.WebDriver (session=\"d6e017c5-cde0-4d75-8310-b9bf0358d4eb\")>, log_in = None\n\n    @allure.title('Проверка, что созданный новый заказ, отображается в разделе \"В работе\" на странице \"Лента заказов\"')\n    @allure.description(\n        'С помощью вспомогательного метода, создаем новый заказ, затем на главной странице, находим элемент вкладки '\n        '\"Лента заказов\" и переходм на нее по клику.'\n        'На странице \"Лента заказов\", находим элемент заказа, получаем его текст и сохраняем в переменную, затем'\n        'находим элемент значения вкладки \"В работе\" и ожидаем, когда текст элемента заказа, отобразится в значении'\n        'элемента раздела в \"Работе\" и сохраняем текст элемента в переменную.'\n        'Проверяем, что метод возвращает равеноство текста заказа в ленте заказов и в разделе \"В работе\".')\n    def test_get_order_in_work(self, driver, log_in):\n        order_list_page = OrderListPage(driver)\n>       result = order_list_page.get_order_in_work()\n\ntests/test_order_list_page.py:64: \n_ _ _ _ _ _ _ _ _ _ _ _ _ _ _ _ _ _ _ _ _ _ _ _ _ _ _ _ _ _ _ _ _ _ _ _ _ _ _ _ _ _ _ _ _ _ _ _ _ _ _ _ _ _ _ _ _ _ _ _ _ _ _ _ _ _ _ _ _ _ _ _ _ _ _ _ _ _ _ _ _ _ _ _ _ _ _ _ _ _ _ _ _ _ _ _ _ _ _ _ _ _ _ _ _ _ _ _ _ _ _ _ \npages/order_list_page.py:86: in get_order_in_work\n    WebDriverWait(self.driver, 30).until(\n_ _ _ _ _ _ _ _ _ _ _ _ _ _ _ _ _ _ _ _ _ _ _ _ _ _ _ _ _ _ _ _ _ _ _ _ _ _ _ _ _ _ _ _ _ _ _ _ _ _ _ _ _ _ _ _ _ _ _ _ _ _ _ _ _ _ _ _ _ _ _ _ _ _ _ _ _ _ _ _ _ _ _ _ _ _ _ _ _ _ _ _ _ _ _ _ _ _ _ _ _ _ _ _ _ _ _ _ _ _ _ _ \n\nself = <selenium.webdriver.support.wait.WebDriverWait (session=\"d6e017c5-cde0-4d75-8310-b9bf0358d4eb\")>, method = <function text_to_be_present_in_element.<locals>._predicate at 0x73d23451dbd0>, message = ''\n\n    def until(self, method: Callable[[D], Union[Literal[False], T]], message: str = \"\") -> T:\n        \"\"\"Calls the method provided with the driver as an argument until the \\\n        return value does not evaluate to ``False``.\n    \n        :param method: callable(WebDriver)\n        :param message: optional message for :exc:`TimeoutException`\n        :returns: the result of the last call to `method`\n        :raises: :exc:`selenium.common.exceptions.TimeoutException` if timeout occurs\n        \"\"\"\n        screen = None\n        stacktrace = None\n    \n        end_time = time.monotonic() + self._timeout\n        while True:\n            try:\n                value = method(self._driver)\n                if value:\n                    return value\n            except self._ignored_exceptions as exc:\n                screen = getattr(exc, \"screen\", None)\n                stacktrace = getattr(exc, \"stacktrace\", None)\n            time.sleep(self._poll)\n            if time.monotonic() > end_time:\n                break\n>       raise TimeoutException(message, screen, stacktrace)\nE       selenium.common.exceptions.TimeoutException: Message:\n\n../../Sprint_6/.venv/lib/python3.10/site-packages/selenium/webdriver/support/wait.py:105: TimeoutException"}, "description": "С помощью вспомогательного метода, создаем новый заказ, затем на главной странице, находим элемент вкладки \"Лента заказов\" и переходм на нее по клику.На странице \"Лента заказов\", находим элемент заказа, получаем его текст и сохраняем в переменную, затемнаходим элемент значения вкладки \"В работе\" и ожидаем, когда текст элемента заказа, отобразится в значенииэлемента раздела в \"Работе\" и сохраняем текст элемента в переменную.Проверяем, что метод возвращает равеноство текста заказа в ленте заказов и в разделе \"В работе\".", "steps": [{"name": "Принимаем экземпляр драйвера и сохраняем его в атрибут self.driver", "status": "passed", "parameters": [{"name": "driver", "value": "<selenium.webdriver.firefox.webdriver.WebDriver (session=\"d6e017c5-cde0-4d75-8310-b9bf0358d4eb\")>"}], "start": 1715536847135, "stop": 1715536847135}, {"name": "Создаем метод, который создает новый заказ, переходит на вкладку \"Лента заказов\", получает текст нового заказа и текст в разделе в \"В работе\", а затем возвращает равенство текста двух элементов.", "status": "broken", "statusDetails": {"message": "selenium.common.exceptions.TimeoutException: Message: \n\n", "trace": "  File \"/home/ubuntupc/yandex/Sprint_6/.venv/lib/python3.10/site-packages/allure_commons/_allure.py\", line 192, in impl\n    return func(*a, **kw)\n  File \"/home/ubuntupc/yandex/Diplom/Diplom_3/pages/order_list_page.py\", line 86, in get_order_in_work\n    WebDriverWait(self.driver, 30).until(\n  File \"/home/ubuntupc/yandex/Sprint_6/.venv/lib/python3.10/site-packages/selenium/webdriver/support/wait.py\", line 105, in until\n    raise TimeoutException(message, screen, stacktrace)\n"}, "steps": [{"name": "Принимаем экземпляр драйвера и сохраняем его в атрибут self.driver", "status": "passed", "parameters": [{"name": "driver", "value": "<selenium.webdriver.firefox.webdriver.WebDriver (session=\"d6e017c5-cde0-4d75-8310-b9bf0358d4eb\")>"}], "start": 1715536847136, "stop": 1715536847136}, {"name": "Создаем метод, который содержит в себе условное ожидание, пока элемент не станет видимыми метод класса WebDriver - find_element", "status": "passed", "parameters": [{"name": "locator", "value": "('xpath', \".//p[text() = 'Флюоресцентная булка R2-D3']\")"}], "start": 1715536847136, "stop": 1715536847151}, {"name": "Создаем метод, который содержит в себе условное ожидание, пока элемент не станет видимыми метод класса WebDriver - find_element", "status": "passed", "parameters": [{"name": "locator", "value": "('xpath', \".//span[text() = 'Перетяните булочку сюда (верх)']\")"}], "start": 1715536847151, "stop": 1715536847165}, {"name": "Создаем метод, который содержит в себе условное ожидание, пока элемент не станет кликабильными выполяем клик, по элементу, с использованием метода класса WebDriver- find_element", "status": "passed", "parameters": [{"name": "locator", "value": "('xpath', \".//div//div/button[@class = 'button_button__33qZ0 button_button_type_primary__1O7Bx button_button_size_large__G21Vg' and text() = 'Оформить заказ']\")"}], "start": 1715536847691, "stop": 1715536847918}, {"name": "Создаем метод, который содержит в себе условное ожидание, пока элемент не станет кликабильными выполяем клик, по элементу, с использованием метода класса WebDriver- find_element", "status": "passed", "parameters": [{"name": "locator", "value": "('xpath', \".//p[@class = 'AppHeader_header__linkText__3q_va ml-2' and text() = 'Лента Заказов']\")"}], "start": 1715536851154, "stop": 1715536851397}, {"name": "Создаем метод, который использует метод класса find_element_with_wait для получения текста элемента", "status": "passed", "steps": [{"name": "Создаем метод, который содержит в себе условное ожидание, пока элемент не станет видимыми метод класса WebDriver - find_element", "status": "passed", "parameters": [{"name": "locator", "value": "('xpath', \".//div[@class = 'OrderFeed_contentBox__3-tWb']/ul/li[1]/a/div/p[@class = 'text text_type_digits-default']\")"}], "start": 1715536851397, "stop": 1715536851928}], "parameters": [{"name": "locator", "value": "('xpath', \".//div[@class = 'OrderFeed_contentBox__3-tWb']/ul/li[1]/a/div/p[@class = 'text text_type_digits-default']\")"}], "start": 1715536851397, "stop": 1715536851940}], "start": 1715536847136, "stop": 1715536882170}], "parameters": [{"name": "driver", "value": "'firefox'"}], "start": 1715536847135, "stop": 1715536882171, "uuid": "6576b867-71b9-4049-97ba-4724bcfbb17c", "historyId": "82b6f233c045aaba636b936026a36f01", "testCaseId": "6f79fe1ca08b1a41959a56beee85e4ee", "fullName": "tests.test_order_list_page.TestOrderListPage#test_get_order_in_work", "labels": [{"name": "parentSuite", "value": "tests"}, {"name": "suite", "value": "test_order_list_page"}, {"name": "subSuite", "value": "TestOrderListPage"}, {"name": "host", "value": "ubuntupc-ThinkPad-T14-Gen-2i"}, {"name": "thread", "value": "275546-MainThread"}, {"name": "framework", "value": "pytest"}, {"name": "language", "value": "cpython3"}, {"name": "package", "value": "tests.test_order_list_page"}]}