{"name": "Проверка, что счетчик ингредиента меняется, если его переместить в конструктор заказа", "status": "broken", "statusDetails": {"message": "selenium.common.exceptions.TimeoutException: Message: \nStacktrace:\nRemoteError@chrome://remote/content/shared/RemoteError.sys.mjs:8:8\nWebDriverError@chrome://remote/content/shared/webdriver/Errors.sys.mjs:192:5\nNoSuchElementError@chrome://remote/content/shared/webdriver/Errors.sys.mjs:510:5\ndom.find/</<@chrome://remote/content/shared/DOM.sys.mjs:136:16", "trace": "self = <tests.test_main_page.TestMainPage object at 0x710172c9ca30>, driver = <selenium.webdriver.firefox.webdriver.WebDriver (session=\"53503440-820f-4827-b8b7-3b0e009172a1\")>\n\n    @allure.title('Проверка, что счетчик ингредиента меняется, если его переместить в конструктор заказа')\n    @allure.description(\n        'На главное странице находим элемент ингредиента и конструктора заказа и элемент счетчика кол-ва ингредиента,'\n        'добавленного в заказ. Переносим ингредиент в конструктор заказа и проверяем, что метод возвращает, измененное'\n        'значение счетчика кол-ва ингредиента.')\n    def test_get_counter(self, driver):\n         main_page = MainPage(driver)\n    \n>        result = main_page.get_counter()\n\ntests/test_main_page.py:61: \n_ _ _ _ _ _ _ _ _ _ _ _ _ _ _ _ _ _ _ _ _ _ _ _ _ _ _ _ _ _ _ _ _ _ _ _ _ _ _ _ _ _ _ _ _ _ _ _ _ _ _ _ _ _ _ _ _ _ _ _ _ _ _ _ _ _ _ _ _ _ _ _ _ _ _ _ _ _ _ _ _ _ _ _ _ _ _ _ _ _ _ _ _ _ _ _ _ _ _ _ _ _ _ _ _ _ _ _ _ _ _ _ \npages/main_page.py:63: in get_counter\n    return self.get_text_from_element(self.counter)\npages/base_page.py:33: in get_text_from_element\n    return self.find_element_with_wait(locator).text\npages/base_page.py:16: in find_element_with_wait\n    WebDriverWait(self.driver, 40).until(\n_ _ _ _ _ _ _ _ _ _ _ _ _ _ _ _ _ _ _ _ _ _ _ _ _ _ _ _ _ _ _ _ _ _ _ _ _ _ _ _ _ _ _ _ _ _ _ _ _ _ _ _ _ _ _ _ _ _ _ _ _ _ _ _ _ _ _ _ _ _ _ _ _ _ _ _ _ _ _ _ _ _ _ _ _ _ _ _ _ _ _ _ _ _ _ _ _ _ _ _ _ _ _ _ _ _ _ _ _ _ _ _ \n\nself = <selenium.webdriver.support.wait.WebDriverWait (session=\"53503440-820f-4827-b8b7-3b0e009172a1\")>, method = <function visibility_of_element_located.<locals>._predicate at 0x710172d67ac0>, message = ''\n\n    def until(self, method: Callable[[D], Union[Literal[False], T]], message: str = \"\") -> T:\n        \"\"\"Calls the method provided with the driver as an argument until the \\\n        return value does not evaluate to ``False``.\n    \n        :param method: callable(WebDriver)\n        :param message: optional message for :exc:`TimeoutException`\n        :returns: the result of the last call to `method`\n        :raises: :exc:`selenium.common.exceptions.TimeoutException` if timeout occurs\n        \"\"\"\n        screen = None\n        stacktrace = None\n    \n        end_time = time.monotonic() + self._timeout\n        while True:\n            try:\n                value = method(self._driver)\n                if value:\n                    return value\n            except self._ignored_exceptions as exc:\n                screen = getattr(exc, \"screen\", None)\n                stacktrace = getattr(exc, \"stacktrace\", None)\n            time.sleep(self._poll)\n            if time.monotonic() > end_time:\n                break\n>       raise TimeoutException(message, screen, stacktrace)\nE       selenium.common.exceptions.TimeoutException: Message: \nE       Stacktrace:\nE       RemoteError@chrome://remote/content/shared/RemoteError.sys.mjs:8:8\nE       WebDriverError@chrome://remote/content/shared/webdriver/Errors.sys.mjs:192:5\nE       NoSuchElementError@chrome://remote/content/shared/webdriver/Errors.sys.mjs:510:5\nE       dom.find/</<@chrome://remote/content/shared/DOM.sys.mjs:136:16\n\n../../Sprint_6/.venv/lib/python3.10/site-packages/selenium/webdriver/support/wait.py:105: TimeoutException"}, "description": "На главное странице находим элемент ингредиента и конструктора заказа и элемент счетчика кол-ва ингредиента,добавленного в заказ. Переносим ингредиент в конструктор заказа и проверяем, что метод возвращает, измененноезначение счетчика кол-ва ингредиента.", "steps": [{"name": "Принимаем экземпляр драйвера и сохраняем его в атрибут self.driver", "status": "passed", "parameters": [{"name": "driver", "value": "<selenium.webdriver.firefox.webdriver.WebDriver (session=\"53503440-820f-4827-b8b7-3b0e009172a1\")>"}], "start": 1716405772013, "stop": 1716405772013}, {"name": "Создаем метод, который перемещает ингредиент в поле конструктора заказа и получает значение счетчика ингредиента", "status": "broken", "statusDetails": {"message": "selenium.common.exceptions.TimeoutException: Message: \nStacktrace:\nRemoteError@chrome://remote/content/shared/RemoteError.sys.mjs:8:8\nWebDriverError@chrome://remote/content/shared/webdriver/Errors.sys.mjs:192:5\nNoSuchElementError@chrome://remote/content/shared/webdriver/Errors.sys.mjs:510:5\ndom.find/</<@chrome://remote/content/shared/DOM.sys.mjs:136:16\n\n", "trace": "  File \"/home/ubuntupc/yandex/Sprint_6/.venv/lib/python3.10/site-packages/allure_commons/_allure.py\", line 192, in impl\n    return func(*a, **kw)\n  File \"/home/ubuntupc/yandex/Diplom/Diplom_3/pages/main_page.py\", line 63, in get_counter\n    return self.get_text_from_element(self.counter)\n  File \"/home/ubuntupc/yandex/Sprint_6/.venv/lib/python3.10/site-packages/allure_commons/_allure.py\", line 192, in impl\n    return func(*a, **kw)\n  File \"/home/ubuntupc/yandex/Diplom/Diplom_3/pages/base_page.py\", line 33, in get_text_from_element\n    return self.find_element_with_wait(locator).text\n  File \"/home/ubuntupc/yandex/Sprint_6/.venv/lib/python3.10/site-packages/allure_commons/_allure.py\", line 192, in impl\n    return func(*a, **kw)\n  File \"/home/ubuntupc/yandex/Diplom/Diplom_3/pages/base_page.py\", line 16, in find_element_with_wait\n    WebDriverWait(self.driver, 40).until(\n  File \"/home/ubuntupc/yandex/Sprint_6/.venv/lib/python3.10/site-packages/selenium/webdriver/support/wait.py\", line 105, in until\n    raise TimeoutException(message, screen, stacktrace)\n"}, "steps": [{"name": "Создаем метод, который зажимает кликом требуемый элемент и переносит его в целевую область на странице", "status": "passed", "steps": [{"name": "Создаем метод, который содержит в себе условное ожидание, пока элемент не станет видимыми метод класса WebDriver - find_element", "status": "passed", "parameters": [{"name": "locator", "value": "('xpath', \".//p[text() = 'Флюоресцентная булка R2-D3']\")"}], "start": 1716405772013, "stop": 1716405772047}, {"name": "Создаем метод, который содержит в себе условное ожидание, пока элемент не станет видимыми метод класса WebDriver - find_element", "status": "passed", "parameters": [{"name": "locator", "value": "('xpath', \".//span[text() = 'Перетяните булочку сюда (верх)']\")"}], "start": 1716405772047, "stop": 1716405772063}], "parameters": [{"name": "locator_1", "value": "('xpath', \".//p[text() = 'Флюоресцентная булка R2-D3']\")"}, {"name": "locator_2", "value": "('xpath', \".//span[text() = 'Перетяните булочку сюда (верх)']\")"}], "start": 1716405772013, "stop": 1716405772587}, {"name": "Создаем метод, который использует метод класса find_element_with_wait для получения текста элемента", "status": "broken", "statusDetails": {"message": "selenium.common.exceptions.TimeoutException: Message: \nStacktrace:\nRemoteError@chrome://remote/content/shared/RemoteError.sys.mjs:8:8\nWebDriverError@chrome://remote/content/shared/webdriver/Errors.sys.mjs:192:5\nNoSuchElementError@chrome://remote/content/shared/webdriver/Errors.sys.mjs:510:5\ndom.find/</<@chrome://remote/content/shared/DOM.sys.mjs:136:16\n\n", "trace": "  File \"/home/ubuntupc/yandex/Sprint_6/.venv/lib/python3.10/site-packages/allure_commons/_allure.py\", line 192, in impl\n    return func(*a, **kw)\n  File \"/home/ubuntupc/yandex/Diplom/Diplom_3/pages/base_page.py\", line 33, in get_text_from_element\n    return self.find_element_with_wait(locator).text\n  File \"/home/ubuntupc/yandex/Sprint_6/.venv/lib/python3.10/site-packages/allure_commons/_allure.py\", line 192, in impl\n    return func(*a, **kw)\n  File \"/home/ubuntupc/yandex/Diplom/Diplom_3/pages/base_page.py\", line 16, in find_element_with_wait\n    WebDriverWait(self.driver, 40).until(\n  File \"/home/ubuntupc/yandex/Sprint_6/.venv/lib/python3.10/site-packages/selenium/webdriver/support/wait.py\", line 105, in until\n    raise TimeoutException(message, screen, stacktrace)\n"}, "steps": [{"name": "Создаем метод, который содержит в себе условное ожидание, пока элемент не станет видимыми метод класса WebDriver - find_element", "status": "broken", "statusDetails": {"message": "selenium.common.exceptions.TimeoutException: Message: \nStacktrace:\nRemoteError@chrome://remote/content/shared/RemoteError.sys.mjs:8:8\nWebDriverError@chrome://remote/content/shared/webdriver/Errors.sys.mjs:192:5\nNoSuchElementError@chrome://remote/content/shared/webdriver/Errors.sys.mjs:510:5\ndom.find/</<@chrome://remote/content/shared/DOM.sys.mjs:136:16\n\n", "trace": "  File \"/home/ubuntupc/yandex/Sprint_6/.venv/lib/python3.10/site-packages/allure_commons/_allure.py\", line 192, in impl\n    return func(*a, **kw)\n  File \"/home/ubuntupc/yandex/Diplom/Diplom_3/pages/base_page.py\", line 16, in find_element_with_wait\n    WebDriverWait(self.driver, 40).until(\n  File \"/home/ubuntupc/yandex/Sprint_6/.venv/lib/python3.10/site-packages/selenium/webdriver/support/wait.py\", line 105, in until\n    raise TimeoutException(message, screen, stacktrace)\n"}, "parameters": [{"name": "locator", "value": "('xpath', \".//div/p[text() = '2']\")"}], "start": 1716405772588, "stop": 1716405813025}], "parameters": [{"name": "locator", "value": "('xpath', \".//div/p[text() = '2']\")"}], "start": 1716405772588, "stop": 1716405813033}], "start": 1716405772013, "stop": 1716405813033}], "parameters": [{"name": "driver", "value": "'firefox'"}], "start": 1716405772013, "stop": 1716405813034, "uuid": "4e447c0a-06f9-495a-b0ab-c4fe1b62e68d", "historyId": "d0b4f3bfe1b4e8ae401f95c8cfafb5f1", "testCaseId": "314971455c15a9deae618a2009186795", "fullName": "tests.test_main_page.TestMainPage#test_get_counter", "labels": [{"name": "parentSuite", "value": "tests"}, {"name": "suite", "value": "test_main_page"}, {"name": "subSuite", "value": "TestMainPage"}, {"name": "host", "value": "ubuntupc-ThinkPad-T14-Gen-2i"}, {"name": "thread", "value": "220226-MainThread"}, {"name": "framework", "value": "pytest"}, {"name": "language", "value": "cpython3"}, {"name": "package", "value": "tests.test_main_page"}]}