{"name": "Проверка оформления заказа, авторизованным пользоветелем.", "status": "broken", "statusDetails": {"message": "selenium.common.exceptions.ElementClickInterceptedException: Message: Element <button class=\"Modal_modal__close_modified__3V5XS Modal_modal__close__TnseK\" type=\"button\"> is not clickable at point (946,175) because another element <div class=\"Modal_modal_overlay__x2ZCr\"> obscures it\nStacktrace:\nRemoteError@chrome://remote/content/shared/RemoteError.sys.mjs:8:8\nWebDriverError@chrome://remote/content/shared/webdriver/Errors.sys.mjs:192:5\nElementClickInterceptedError@chrome://remote/content/shared/webdriver/Errors.sys.mjs:336:5\nwebdriverClickElement@chrome://remote/content/marionette/interaction.sys.mjs:176:11\ninteraction.clickElement@chrome://remote/content/marionette/interaction.sys.mjs:135:11\nclickElement@chrome://remote/content/marionette/actors/MarionetteCommandsChild.sys.mjs:204:29\nreceiveMessage@chrome://remote/content/marionette/actors/MarionetteCommandsChild.sys.mjs:84:31", "trace": "self = <tests.test_main_page.TestMainPage object at 0x710172c9e4d0>, driver = <selenium.webdriver.firefox.webdriver.WebDriver (session=\"fea4a56e-71ba-406d-bf10-84d81f222c2a\")>\nregistration_user_data = 'test_user5061@yandex.ru'\n\n    @allure.title('Проверка оформления заказа, авторизованным пользоветелем.')\n    @allure.description(\n        'На главной странице, преносим ингредиент в конструктор заказа, нажимаем на кнопку \"Оформить заказ\"'\n        'и в открывшемся модальном окне получаем текст элемента номера заказа. Затем переходим во вкладку \"Лента заказов\"'\n        'и получаем текст элемента номера заказа в списке заказаов. Метод проверяет, что номер заказа из модального окна,'\n        'соответствует номеру заказа в списке заказов.')\n    def test_get_order_modal(self, driver, registration_user_data):\n        main_page = MainPage(driver)\n        start_page = StartPage(driver)\n        order_list_page = OrderListPage(driver)\n    \n        main_page.go_to_log_in()\n        start_page.log_in(registration_user_data)\n>       order_in_modal = main_page.get_order_number()\n\ntests/test_main_page.py:78: \n_ _ _ _ _ _ _ _ _ _ _ _ _ _ _ _ _ _ _ _ _ _ _ _ _ _ _ _ _ _ _ _ _ _ _ _ _ _ _ _ _ _ _ _ _ _ _ _ _ _ _ _ _ _ _ _ _ _ _ _ _ _ _ _ _ _ _ _ _ _ _ _ _ _ _ _ _ _ _ _ _ _ _ _ _ _ _ _ _ _ _ _ _ _ _ _ _ _ _ _ _ _ _ _ _ _ _ _ _ _ _ _ \npages/main_page.py:87: in get_order_number\n    self.click_to_element(self.close_button)\npages/base_page.py:25: in click_to_element\n    self.driver.find_element(*locator).click()\n../../Sprint_6/.venv/lib/python3.10/site-packages/selenium/webdriver/remote/webelement.py:94: in click\n    self._execute(Command.CLICK_ELEMENT)\n../../Sprint_6/.venv/lib/python3.10/site-packages/selenium/webdriver/remote/webelement.py:395: in _execute\n    return self._parent.execute(command, params)\n../../Sprint_6/.venv/lib/python3.10/site-packages/selenium/webdriver/remote/webdriver.py:347: in execute\n    self.error_handler.check_response(response)\n_ _ _ _ _ _ _ _ _ _ _ _ _ _ _ _ _ _ _ _ _ _ _ _ _ _ _ _ _ _ _ _ _ _ _ _ _ _ _ _ _ _ _ _ _ _ _ _ _ _ _ _ _ _ _ _ _ _ _ _ _ _ _ _ _ _ _ _ _ _ _ _ _ _ _ _ _ _ _ _ _ _ _ _ _ _ _ _ _ _ _ _ _ _ _ _ _ _ _ _ _ _ _ _ _ _ _ _ _ _ _ _ \n\nself = <selenium.webdriver.remote.errorhandler.ErrorHandler object at 0x710172c31360>\nresponse = {'status': 400, 'value': '{\"value\":{\"error\":\"element click intercepted\",\"message\":\"Element <button class=\\\\\"Modal_moda...sys.mjs:204:29\\\\nreceiveMessage@chrome://remote/content/marionette/actors/MarionetteCommandsChild.sys.mjs:84:31\\\\n\"}}'}\n\n    def check_response(self, response: Dict[str, Any]) -> None:\n        \"\"\"Checks that a JSON response from the WebDriver does not have an\n        error.\n    \n        :Args:\n         - response - The JSON response from the WebDriver server as a dictionary\n           object.\n    \n        :Raises: If the response contains an error message.\n        \"\"\"\n        status = response.get(\"status\", None)\n        if not status or status == ErrorCode.SUCCESS:\n            return\n        value = None\n        message = response.get(\"message\", \"\")\n        screen: str = response.get(\"screen\", \"\")\n        stacktrace = None\n        if isinstance(status, int):\n            value_json = response.get(\"value\", None)\n            if value_json and isinstance(value_json, str):\n                import json\n    \n                try:\n                    value = json.loads(value_json)\n                    if len(value) == 1:\n                        value = value[\"value\"]\n                    status = value.get(\"error\", None)\n                    if not status:\n                        status = value.get(\"status\", ErrorCode.UNKNOWN_ERROR)\n                        message = value.get(\"value\") or value.get(\"message\")\n                        if not isinstance(message, str):\n                            value = message\n                            message = message.get(\"message\")\n                    else:\n                        message = value.get(\"message\", None)\n                except ValueError:\n                    pass\n    \n        exception_class: Type[WebDriverException]\n        e = ErrorCode()\n        error_codes = [item for item in dir(e) if not item.startswith(\"__\")]\n        for error_code in error_codes:\n            error_info = getattr(ErrorCode, error_code)\n            if isinstance(error_info, list) and status in error_info:\n                exception_class = getattr(ExceptionMapping, error_code, WebDriverException)\n                break\n        else:\n            exception_class = WebDriverException\n    \n        if not value:\n            value = response[\"value\"]\n        if isinstance(value, str):\n            raise exception_class(value)\n        if message == \"\" and \"message\" in value:\n            message = value[\"message\"]\n    \n        screen = None  # type: ignore[assignment]\n        if \"screen\" in value:\n            screen = value[\"screen\"]\n    \n        stacktrace = None\n        st_value = value.get(\"stackTrace\") or value.get(\"stacktrace\")\n        if st_value:\n            if isinstance(st_value, str):\n                stacktrace = st_value.split(\"\\n\")\n            else:\n                stacktrace = []\n                try:\n                    for frame in st_value:\n                        line = frame.get(\"lineNumber\", \"\")\n                        file = frame.get(\"fileName\", \"<anonymous>\")\n                        if line:\n                            file = f\"{file}:{line}\"\n                        meth = frame.get(\"methodName\", \"<anonymous>\")\n                        if \"className\" in frame:\n                            meth = f\"{frame['className']}.{meth}\"\n                        msg = \"    at %s (%s)\"\n                        msg = msg % (meth, file)\n                        stacktrace.append(msg)\n                except TypeError:\n                    pass\n        if exception_class == UnexpectedAlertPresentException:\n            alert_text = None\n            if \"data\" in value:\n                alert_text = value[\"data\"].get(\"text\")\n            elif \"alert\" in value:\n                alert_text = value[\"alert\"].get(\"text\")\n            raise exception_class(message, screen, stacktrace, alert_text)  # type: ignore[call-arg]  # mypy is not smart enough here\n>       raise exception_class(message, screen, stacktrace)\nE       selenium.common.exceptions.ElementClickInterceptedException: Message: Element <button class=\"Modal_modal__close_modified__3V5XS Modal_modal__close__TnseK\" type=\"button\"> is not clickable at point (946,175) because another element <div class=\"Modal_modal_overlay__x2ZCr\"> obscures it\nE       Stacktrace:\nE       RemoteError@chrome://remote/content/shared/RemoteError.sys.mjs:8:8\nE       WebDriverError@chrome://remote/content/shared/webdriver/Errors.sys.mjs:192:5\nE       ElementClickInterceptedError@chrome://remote/content/shared/webdriver/Errors.sys.mjs:336:5\nE       webdriverClickElement@chrome://remote/content/marionette/interaction.sys.mjs:176:11\nE       interaction.clickElement@chrome://remote/content/marionette/interaction.sys.mjs:135:11\nE       clickElement@chrome://remote/content/marionette/actors/MarionetteCommandsChild.sys.mjs:204:29\nE       receiveMessage@chrome://remote/content/marionette/actors/MarionetteCommandsChild.sys.mjs:84:31\n\n../../Sprint_6/.venv/lib/python3.10/site-packages/selenium/webdriver/remote/errorhandler.py:229: ElementClickInterceptedException"}, "description": "На главной странице, преносим ингредиент в конструктор заказа, нажимаем на кнопку \"Оформить заказ\"и в открывшемся модальном окне получаем текст элемента номера заказа. Затем переходим во вкладку \"Лента заказов\"и получаем текст элемента номера заказа в списке заказаов. Метод проверяет, что номер заказа из модального окна,соответствует номеру заказа в списке заказов.", "steps": [{"name": "Принимаем экземпляр драйвера и сохраняем его в атрибут self.driver", "status": "passed", "parameters": [{"name": "driver", "value": "<selenium.webdriver.firefox.webdriver.WebDriver (session=\"fea4a56e-71ba-406d-bf10-84d81f222c2a\")>"}], "start": 1716405822713, "stop": 1716405822713}, {"name": "Принимаем экземпляр драйвера и сохраняем его в атрибут self.driver", "status": "passed", "parameters": [{"name": "driver", "value": "<selenium.webdriver.firefox.webdriver.WebDriver (session=\"fea4a56e-71ba-406d-bf10-84d81f222c2a\")>"}], "start": 1716405822713, "stop": 1716405822713}, {"name": "Принимаем экземпляр драйвера и сохраняем его в атрибут self.driver", "status": "passed", "parameters": [{"name": "driver", "value": "<selenium.webdriver.firefox.webdriver.WebDriver (session=\"fea4a56e-71ba-406d-bf10-84d81f222c2a\")>"}], "start": 1716405822713, "stop": 1716405822713}, {"name": "Создаем метод, который выполняет клик по кнопке \"Войти в аккаунт, для перехода на страницу авторизации", "status": "passed", "steps": [{"name": "Создаем метод, который содержит в себе условное ожидание, пока элемент не станет кликабильными выполяем клик, по элементу, с использованием метода класса WebDriver- find_element", "status": "passed", "parameters": [{"name": "locator", "value": "('xpath', \".//div/button[@class = 'button_button__33qZ0 button_button_type_primary__1O7Bx button_button_size_large__G21Vg' and text()= 'Войти в аккаунт']\")"}], "start": 1716405822713, "stop": 1716405822990}], "start": 1716405822713, "stop": 1716405822990}, {"name": "Создаем метод, которвый выполняет ввод данных для авториации в поля \"Email\" и \"Пароль\" и нажимаетна кнопку \"Войти\", для выполнения авторизации пользователя.", "status": "passed", "steps": [{"name": "Создаем метод с и использованием метода класса WebDriver - end_keys, который добавляет текст в элемент", "status": "passed", "steps": [{"name": "Создаем метод, который содержит в себе условное ожидание, пока элемент не станет видимыми метод класса WebDriver - find_element", "status": "passed", "parameters": [{"name": "locator", "value": "('xpath', \".//*[text()='Email']/following-sibling::input\")"}], "start": 1716405822991, "stop": 1716405823015}], "parameters": [{"name": "locator", "value": "('xpath', \".//*[text()='Email']/following-sibling::input\")"}, {"name": "text", "value": "'test_user5061@yandex.ru'"}], "start": 1716405822991, "stop": 1716405823062}, {"name": "Создаем метод с и использованием метода класса WebDriver - end_keys, который добавляет текст в элемент", "status": "passed", "steps": [{"name": "Создаем метод, который содержит в себе условное ожидание, пока элемент не станет видимыми метод класса WebDriver - find_element", "status": "passed", "parameters": [{"name": "locator", "value": "('xpath', \".//*[text()='Пароль']/following-sibling::input\")"}], "start": 1716405823062, "stop": 1716405823072}], "parameters": [{"name": "locator", "value": "('xpath', \".//*[text()='Пароль']/following-sibling::input\")"}, {"name": "text", "value": "123456"}], "start": 1716405823062, "stop": 1716405823081}, {"name": "Создаем метод, который содержит в себе условное ожидание, пока элемент не станет кликабильными выполяем клик, по элементу, с использованием метода класса WebDriver- find_element", "status": "passed", "parameters": [{"name": "locator", "value": "('xpath', \".//button[text()='Войти']\")"}], "start": 1716405823081, "stop": 1716405823310}], "parameters": [{"name": "email", "value": "'test_user5061@yandex.ru'"}], "start": 1716405822991, "stop": 1716405823310}, {"name": "Создаем метод, который выполняет оформлнеие ногового закаказа, открывает модальное окно с идентификатором заказаполучает текст элемента номера заказа и возвращает текст элемента.", "status": "broken", "statusDetails": {"message": "selenium.common.exceptions.ElementClickInterceptedException: Message: Element <button class=\"Modal_modal__close_modified__3V5XS Modal_modal__close__TnseK\" type=\"button\"> is not clickable at point (946,175) because another element <div class=\"Modal_modal_overlay__x2ZCr\"> obscures it\nStacktrace:\nRemoteError@chrome://remote/content/shared/RemoteError.sys.mjs:8:8\nWebDriverError@chrome://remote/content/shared/webdriver/Errors.sys.mjs:192:5\nElementClickInterceptedError@chrome://remote/content/shared/webdriver/Errors.sys.mjs:336:5\nwebdriverClickElement@chrome://remote/content/marionette/interaction.sys.mjs:176:11\ninteraction.clickElement@chrome://remote/content/marionette/interaction.sys.mjs:135:11\nclickElement@chrome://remote/content/marionette/actors/MarionetteCommandsChild.sys.mjs:204:29\nreceiveMessage@chrome://remote/content/marionette/actors/MarionetteCommandsChild.sys.mjs:84:31\n\n", "trace": "  File \"/home/ubuntupc/yandex/Sprint_6/.venv/lib/python3.10/site-packages/allure_commons/_allure.py\", line 192, in impl\n    return func(*a, **kw)\n  File \"/home/ubuntupc/yandex/Diplom/Diplom_3/pages/main_page.py\", line 87, in get_order_number\n    self.click_to_element(self.close_button)\n  File \"/home/ubuntupc/yandex/Sprint_6/.venv/lib/python3.10/site-packages/allure_commons/_allure.py\", line 192, in impl\n    return func(*a, **kw)\n  File \"/home/ubuntupc/yandex/Diplom/Diplom_3/pages/base_page.py\", line 25, in click_to_element\n    self.driver.find_element(*locator).click()\n  File \"/home/ubuntupc/yandex/Sprint_6/.venv/lib/python3.10/site-packages/selenium/webdriver/remote/webelement.py\", line 94, in click\n    self._execute(Command.CLICK_ELEMENT)\n  File \"/home/ubuntupc/yandex/Sprint_6/.venv/lib/python3.10/site-packages/selenium/webdriver/remote/webelement.py\", line 395, in _execute\n    return self._parent.execute(command, params)\n  File \"/home/ubuntupc/yandex/Sprint_6/.venv/lib/python3.10/site-packages/selenium/webdriver/remote/webdriver.py\", line 347, in execute\n    self.error_handler.check_response(response)\n  File \"/home/ubuntupc/yandex/Sprint_6/.venv/lib/python3.10/site-packages/selenium/webdriver/remote/errorhandler.py\", line 229, in check_response\n    raise exception_class(message, screen, stacktrace)\n"}, "steps": [{"name": "Создаем метод, который зажимает кликом требуемый элемент и переносит его в целевую область на странице", "status": "passed", "steps": [{"name": "Создаем метод, который содержит в себе условное ожидание, пока элемент не станет видимыми метод класса WebDriver - find_element", "status": "passed", "parameters": [{"name": "locator", "value": "('xpath', \".//p[text() = 'Флюоресцентная булка R2-D3']\")"}], "start": 1716405823310, "stop": 1716405823320}, {"name": "Создаем метод, который содержит в себе условное ожидание, пока элемент не станет видимыми метод класса WebDriver - find_element", "status": "passed", "parameters": [{"name": "locator", "value": "('xpath', \".//span[text() = 'Перетяните булочку сюда (верх)']\")"}], "start": 1716405823320, "stop": 1716405823332}], "parameters": [{"name": "locator_1", "value": "('xpath', \".//p[text() = 'Флюоресцентная булка R2-D3']\")"}, {"name": "locator_2", "value": "('xpath', \".//span[text() = 'Перетяните булочку сюда (верх)']\")"}], "start": 1716405823310, "stop": 1716405823859}, {"name": "Создаем метод, который содержит в себе условное ожидание, пока элемент не станет кликабильными выполяем клик, по элементу, с использованием метода класса WebDriver- find_element", "status": "passed", "parameters": [{"name": "locator", "value": "('xpath', \".//div//div/button[@class = 'button_button__33qZ0 button_button_type_primary__1O7Bx button_button_size_large__G21Vg' and text() = 'Оформить заказ']\")"}], "start": 1716405823859, "stop": 1716405824092}, {"name": "Создаем метод, который содержит в себе условное ожидание, пока элемент не станет кликабильными выполяем клик, по элементу, с использованием метода класса WebDriver- find_element", "status": "broken", "statusDetails": {"message": "selenium.common.exceptions.ElementClickInterceptedException: Message: Element <button class=\"Modal_modal__close_modified__3V5XS Modal_modal__close__TnseK\" type=\"button\"> is not clickable at point (946,175) because another element <div class=\"Modal_modal_overlay__x2ZCr\"> obscures it\nStacktrace:\nRemoteError@chrome://remote/content/shared/RemoteError.sys.mjs:8:8\nWebDriverError@chrome://remote/content/shared/webdriver/Errors.sys.mjs:192:5\nElementClickInterceptedError@chrome://remote/content/shared/webdriver/Errors.sys.mjs:336:5\nwebdriverClickElement@chrome://remote/content/marionette/interaction.sys.mjs:176:11\ninteraction.clickElement@chrome://remote/content/marionette/interaction.sys.mjs:135:11\nclickElement@chrome://remote/content/marionette/actors/MarionetteCommandsChild.sys.mjs:204:29\nreceiveMessage@chrome://remote/content/marionette/actors/MarionetteCommandsChild.sys.mjs:84:31\n\n", "trace": "  File \"/home/ubuntupc/yandex/Sprint_6/.venv/lib/python3.10/site-packages/allure_commons/_allure.py\", line 192, in impl\n    return func(*a, **kw)\n  File \"/home/ubuntupc/yandex/Diplom/Diplom_3/pages/base_page.py\", line 25, in click_to_element\n    self.driver.find_element(*locator).click()\n  File \"/home/ubuntupc/yandex/Sprint_6/.venv/lib/python3.10/site-packages/selenium/webdriver/remote/webelement.py\", line 94, in click\n    self._execute(Command.CLICK_ELEMENT)\n  File \"/home/ubuntupc/yandex/Sprint_6/.venv/lib/python3.10/site-packages/selenium/webdriver/remote/webelement.py\", line 395, in _execute\n    return self._parent.execute(command, params)\n  File \"/home/ubuntupc/yandex/Sprint_6/.venv/lib/python3.10/site-packages/selenium/webdriver/remote/webdriver.py\", line 347, in execute\n    self.error_handler.check_response(response)\n  File \"/home/ubuntupc/yandex/Sprint_6/.venv/lib/python3.10/site-packages/selenium/webdriver/remote/errorhandler.py\", line 229, in check_response\n    raise exception_class(message, screen, stacktrace)\n"}, "parameters": [{"name": "locator", "value": "('xpath', \".//div/button[contains(@class, 'Modal_modal__close_modified__3V5XS Modal_modal__close__TnseK')]\")"}], "start": 1716405824092, "stop": 1716405824115}], "start": 1716405823310, "stop": 1716405824115}], "parameters": [{"name": "driver", "value": "'firefox'"}], "start": 1716405822712, "stop": 1716405824116, "uuid": "268f1642-65f0-4e03-96d6-0d2551e2641d", "historyId": "e0bb19163ebd21615487012182f3080c", "testCaseId": "176fd76260fc6ee3c2d7cbd8ea7f5c66", "fullName": "tests.test_main_page.TestMainPage#test_get_order_modal", "labels": [{"name": "parentSuite", "value": "tests"}, {"name": "suite", "value": "test_main_page"}, {"name": "subSuite", "value": "TestMainPage"}, {"name": "host", "value": "ubuntupc-ThinkPad-T14-Gen-2i"}, {"name": "thread", "value": "220226-MainThread"}, {"name": "framework", "value": "pytest"}, {"name": "language", "value": "cpython3"}, {"name": "package", "value": "tests.test_main_page"}]}