{"name": "Проверка, что заказ во вкладке \"История заказов\", отображается в списке заказов на странице \"Лента заказов", "status": "failed", "statusDetails": {"message": "AssertionError: assert '#068027' == '#068028'\n  \n  - #068028\n  ?       ^\n  + #068027\n  ?       ^", "trace": "self = <tests.test_order_list_page.TestOrderListPage object at 0x710172c827a0>, driver = <selenium.webdriver.chrome.webdriver.WebDriver (session=\"4160e3762c3db024faa202ee88b53b9f\")>\nregistration_user_data = 'test_user5061@yandex.ru'\n\n    @allure.title('Проверка, что заказ во вкладке \"История заказов\", отображается в списке заказов на странице \"Лента заказов')\n    @allure.description(\n        'На главной странице, находим элемент вкладки \"Личный кабинет\" и по клику переходим на страницу \"Личный кабинет.'\n        'На странице \"Личный кабинет, находим элемент вкладки \"История заказов\" и переходим на нее по клику.'\n        'Получам текст элемента заказа, находим элемент вкладки \"Лента заказов\" и по клику переходим на страницу \"Лента заказов\".'\n        'На странице \"Лента заказов\", находим элемент заказа в списке заказов и проверяем, что номер закзаа из'\n        'вкладки \"История заказаов\", совпадает с номером заказа в списке заказаов, во вкладке \"Лента заказов\".')\n    def test_history_order_in_order_list(self, driver, registration_user_data):\n        main_page = MainPage(driver)\n        order_list_page = OrderListPage(driver)\n        start_page = StartPage(driver)\n        personal_account_page = PersonalAccount(driver)\n    \n        main_page.go_to_log_in()\n        start_page.log_in(registration_user_data)\n        main_page.create_order()\n        main_page.go_to_personal_account()\n        source_element = personal_account_page.get_order_from_history()\n        main_page.go_to_order_list()\n        expected_element = order_list_page.get_order_list()\n    \n>       assert source_element == expected_element\nE       AssertionError: assert '#068027' == '#068028'\nE         \nE         - #068028\nE         ?       ^\nE         + #068027\nE         ?       ^\n\ntests/test_order_list_page.py:45: AssertionError"}, "description": "На главной странице, находим элемент вкладки \"Личный кабинет\" и по клику переходим на страницу \"Личный кабинет.На странице \"Личный кабинет, находим элемент вкладки \"История заказов\" и переходим на нее по клику.Получам текст элемента заказа, находим элемент вкладки \"Лента заказов\" и по клику переходим на страницу \"Лента заказов\".На странице \"Лента заказов\", находим элемент заказа в списке заказов и проверяем, что номер закзаа извкладки \"История заказаов\", совпадает с номером заказа в списке заказаов, во вкладке \"Лента заказов\".", "steps": [{"name": "Принимаем экземпляр драйвера и сохраняем его в атрибут self.driver", "status": "passed", "parameters": [{"name": "driver", "value": "<selenium.webdriver.chrome.webdriver.WebDriver (session=\"4160e3762c3db024faa202ee88b53b9f\")>"}], "start": 1716405837971, "stop": 1716405837971}, {"name": "Принимаем экземпляр драйвера и сохраняем его в атрибут self.driver", "status": "passed", "parameters": [{"name": "driver", "value": "<selenium.webdriver.chrome.webdriver.WebDriver (session=\"4160e3762c3db024faa202ee88b53b9f\")>"}], "start": 1716405837971, "stop": 1716405837971}, {"name": "Принимаем экземпляр драйвера и сохраняем его в атрибут self.driver", "status": "passed", "parameters": [{"name": "driver", "value": "<selenium.webdriver.chrome.webdriver.WebDriver (session=\"4160e3762c3db024faa202ee88b53b9f\")>"}], "start": 1716405837971, "stop": 1716405837971}, {"name": "Принимаем экземпляр драйвера и сохраняем его в атрибут self.driver", "status": "passed", "parameters": [{"name": "driver", "value": "<selenium.webdriver.chrome.webdriver.WebDriver (session=\"4160e3762c3db024faa202ee88b53b9f\")>"}], "start": 1716405837971, "stop": 1716405837971}, {"name": "Создаем метод, который выполняет клик по кнопке \"Войти в аккаунт, для перехода на страницу авторизации", "status": "passed", "steps": [{"name": "Создаем метод, который содержит в себе условное ожидание, пока элемент не станет кликабильными выполяем клик, по элементу, с использованием метода класса WebDriver- find_element", "status": "passed", "parameters": [{"name": "locator", "value": "('xpath', \".//div/button[@class = 'button_button__33qZ0 button_button_type_primary__1O7Bx button_button_size_large__G21Vg' and text()= 'Войти в аккаунт']\")"}], "start": 1716405837971, "stop": 1716405838045}], "start": 1716405837971, "stop": 1716405838045}, {"name": "Создаем метод, которвый выполняет ввод данных для авториации в поля \"Email\" и \"Пароль\" и нажимаетна кнопку \"Войти\", для выполнения авторизации пользователя.", "status": "passed", "steps": [{"name": "Создаем метод с и использованием метода класса WebDriver - end_keys, который добавляет текст в элемент", "status": "passed", "steps": [{"name": "Создаем метод, который содержит в себе условное ожидание, пока элемент не станет видимыми метод класса WebDriver - find_element", "status": "passed", "parameters": [{"name": "locator", "value": "('xpath', \".//*[text()='Email']/following-sibling::input\")"}], "start": 1716405838045, "stop": 1716405838063}], "parameters": [{"name": "locator", "value": "('xpath', \".//*[text()='Email']/following-sibling::input\")"}, {"name": "text", "value": "'test_user5061@yandex.ru'"}], "start": 1716405838045, "stop": 1716405838112}, {"name": "Создаем метод с и использованием метода класса WebDriver - end_keys, который добавляет текст в элемент", "status": "passed", "steps": [{"name": "Создаем метод, который содержит в себе условное ожидание, пока элемент не станет видимыми метод класса WebDriver - find_element", "status": "passed", "parameters": [{"name": "locator", "value": "('xpath', \".//*[text()='Пароль']/following-sibling::input\")"}], "start": 1716405838112, "stop": 1716405838132}], "parameters": [{"name": "locator", "value": "('xpath', \".//*[text()='Пароль']/following-sibling::input\")"}, {"name": "text", "value": "123456"}], "start": 1716405838112, "stop": 1716405838167}, {"name": "Создаем метод, который содержит в себе условное ожидание, пока элемент не станет кликабильными выполяем клик, по элементу, с использованием метода класса WebDriver- find_element", "status": "passed", "parameters": [{"name": "locator", "value": "('xpath', \".//button[text()='Войти']\")"}], "start": 1716405838167, "stop": 1716405838220}], "parameters": [{"name": "email", "value": "'test_user5061@yandex.ru'"}], "start": 1716405838045, "stop": 1716405838220}, {"name": "Создаем метод, который перемещает ингредиент в поле конструктора заказа, нажимает на кнопку \"Оформить заказ\"и закрывает модальное окно.", "status": "passed", "steps": [{"name": "Создаем метод, который зажимает кликом требуемый элемент и переносит его в целевую область на странице", "status": "passed", "steps": [{"name": "Создаем метод, который содержит в себе условное ожидание, пока элемент не станет видимыми метод класса WebDriver - find_element", "status": "passed", "parameters": [{"name": "locator", "value": "('xpath', \".//p[text() = 'Флюоресцентная булка R2-D3']\")"}], "start": 1716405838220, "stop": 1716405838759}, {"name": "Создаем метод, который содержит в себе условное ожидание, пока элемент не станет видимыми метод класса WebDriver - find_element", "status": "passed", "parameters": [{"name": "locator", "value": "('xpath', \".//span[text() = 'Перетяните булочку сюда (верх)']\")"}], "start": 1716405838760, "stop": 1716405838775}], "parameters": [{"name": "locator_1", "value": "('xpath', \".//p[text() = 'Флюоресцентная булка R2-D3']\")"}, {"name": "locator_2", "value": "('xpath', \".//span[text() = 'Перетяните булочку сюда (верх)']\")"}], "start": 1716405838220, "stop": 1716405839334}, {"name": "Создаем метод, который содержит в себе условное ожидание, пока элемент не станет кликабильными выполяем клик, по элементу, с использованием метода класса WebDriver- find_element", "status": "passed", "parameters": [{"name": "locator", "value": "('xpath', \".//div//div/button[@class = 'button_button__33qZ0 button_button_type_primary__1O7Bx button_button_size_large__G21Vg' and text() = 'Оформить заказ']\")"}], "start": 1716405839334, "stop": 1716405839380}, {"name": "Создаем метод, который содержит в себе условное ожидание, пока элемент не станет кликабильными выполяем клик, по элементу, с использованием метода класса WebDriver- find_element", "status": "passed", "parameters": [{"name": "locator", "value": "('xpath', \".//div/button[contains(@class, 'Modal_modal__close_modified__3V5XS Modal_modal__close__TnseK')]\")"}], "start": 1716405839380, "stop": 1716405840659}], "start": 1716405838220, "stop": 1716405840659}, {"name": "Создаем метод, который переходи на вкладку \"Личный кабинет\"", "status": "passed", "steps": [{"name": "Создаем метод, который содержит в себе условное ожидание, пока элемент не станет кликабильными выполяем клик, по элементу, с использованием метода класса WebDriver- find_element", "status": "passed", "parameters": [{"name": "locator", "value": "('xpath', \".//header//a/p[contains(@class, 'AppHeader_header__linkText__3q_va ml-2') and contains(text(), 'Личный Кабинет')]\")"}], "start": 1716405840659, "stop": 1716405840933}], "start": 1716405840659, "stop": 1716405840933}, {"name": "Создаем метод, который возвращает текст элемента номера заказа во влкадке \"История заказов\"", "status": "passed", "steps": [{"name": "Создаем метод, который содержит в себе условное ожидание, пока элемент не станет кликабильными выполяем клик, по элементу, с использованием метода класса WebDriver- find_element", "status": "passed", "parameters": [{"name": "locator", "value": "('xpath', \".//li[@class = 'Account_listItem__35dAP']/a[text() = 'История заказов']\")"}], "start": 1716405840933, "stop": 1716405841512}, {"name": "Создаем метод, который использует метод класса find_element_with_wait для получения текста элемента", "status": "passed", "steps": [{"name": "Создаем метод, который содержит в себе условное ожидание, пока элемент не станет видимыми метод класса WebDriver - find_element", "status": "passed", "parameters": [{"name": "locator", "value": "('xpath', \".//div[@class = 'OrderHistory_orderHistory__qy1VB']/ul/li[1]//p[@class = 'text text_type_digits-default']\")"}], "start": 1716405841513, "stop": 1716405842064}], "parameters": [{"name": "locator", "value": "('xpath', \".//div[@class = 'OrderHistory_orderHistory__qy1VB']/ul/li[1]//p[@class = 'text text_type_digits-default']\")"}], "start": 1716405841513, "stop": 1716405842081}], "start": 1716405840933, "stop": 1716405842081}, {"name": "Создаем метод, который переходи на вкладку \"Лента заказаов\"", "status": "passed", "steps": [{"name": "Создаем метод, который содержит в себе условное ожидание, пока элемент не станет кликабильными выполяем клик, по элементу, с использованием метода класса WebDriver- find_element", "status": "passed", "parameters": [{"name": "locator", "value": "('xpath', \".//p[contains(@class, 'AppHeader_header__linkText__3q_va') and contains(text(), 'Лента Заказов')]\")"}], "start": 1716405842081, "stop": 1716405842151}], "start": 1716405842081, "stop": 1716405842151}, {"name": "Создаем метод, который возвращает текст заказа из списка заказов.", "status": "passed", "steps": [{"name": "Создаем метод, который использует метод класса find_element_with_wait для получения текста элемента", "status": "passed", "steps": [{"name": "Создаем метод, который содержит в себе условное ожидание, пока элемент не станет видимыми метод класса WebDriver - find_element", "status": "passed", "parameters": [{"name": "locator", "value": "('xpath', \".//div[@class = 'OrderFeed_contentBox__3-tWb']/ul/li[1]/a/div/p[@class = 'text text_type_digits-default']\")"}], "start": 1716405842152, "stop": 1716405842698}], "parameters": [{"name": "locator", "value": "('xpath', \".//div[@class = 'OrderFeed_contentBox__3-tWb']/ul/li[1]/a/div/p[@class = 'text text_type_digits-default']\")"}], "start": 1716405842152, "stop": 1716405842702}], "start": 1716405842152, "stop": 1716405842702}], "parameters": [{"name": "driver", "value": "'chrome'"}], "start": 1716405837970, "stop": 1716405842702, "uuid": "07139955-1045-4007-9182-45b568d102e8", "historyId": "474bfbc42560240fb2cf4a08d42dd0d8", "testCaseId": "9105758e3053efa835e5a8d3de2b0d75", "fullName": "tests.test_order_list_page.TestOrderListPage#test_history_order_in_order_list", "labels": [{"name": "parentSuite", "value": "tests"}, {"name": "suite", "value": "test_order_list_page"}, {"name": "subSuite", "value": "TestOrderListPage"}, {"name": "host", "value": "ubuntupc-ThinkPad-T14-Gen-2i"}, {"name": "thread", "value": "220226-MainThread"}, {"name": "framework", "value": "pytest"}, {"name": "language", "value": "cpython3"}, {"name": "package", "value": "tests.test_order_list_page"}]}