{"name": "Проверка, что заказ во вкладке \"История заказов\", отображается в списке заказов на странице \"Лета заказов", "status": "failed", "statusDetails": {"message": "AssertionError: assert False is True", "trace": "self = <tests.test_order_list_page.TestOrderListPage object at 0x7dd6857d3dc0>, driver = <selenium.webdriver.chrome.webdriver.WebDriver (session=\"ed2b219a1d0bd4ba58c10774479e8987\")>, log_in = None, create_order = None\n\n    @allure.title('Проверка, что заказ во вкладке \"История заказов\", отображается в списке заказов на странице \"Лета заказов')\n    @allure.description(\n        'На главной странице, находим элемент вкладки \"Личный кабинет\" и по клику переходим на страницу \"Личный кабинет.'\n        'На странице \"Личный кабинет, находим элемент вкладки \"История заказов\" и переходим на нее по клику.'\n        'Получам текст элемента заказа, находим элемент вкладки \"Лента заказов\" и по клику переходим на страницу \"Лента заказов\".'\n        'На странице \"Лента заказов\", находим элемент заказа в списке заказов и проверяем, что метод возвращает равенство '\n        'текстов заказа из вкладки \"История заказов\" и заказа из списка заказов')\n    def test_history_order_in_order_list(self, driver, log_in, create_order):\n         order_list_page = OrderListPage(driver)\n         result = order_list_page.get_history_order_in_order_list()\n    \n>        assert result is True\nE        assert False is True\n\ntests/test_order_list_page.py:26: AssertionError"}, "description": "На главной странице, находим элемент вкладки \"Личный кабинет\" и по клику переходим на страницу \"Личный кабинет.На странице \"Личный кабинет, находим элемент вкладки \"История заказов\" и переходим на нее по клику.Получам текст элемента заказа, находим элемент вкладки \"Лента заказов\" и по клику переходим на страницу \"Лента заказов\".На странице \"Лента заказов\", находим элемент заказа в списке заказов и проверяем, что метод возвращает равенство текстов заказа из вкладки \"История заказов\" и заказа из списка заказов", "steps": [{"name": "Принимаем экземпляр драйвера и сохраняем его в атрибут self.driver", "status": "passed", "parameters": [{"name": "driver", "value": "<selenium.webdriver.chrome.webdriver.WebDriver (session=\"ed2b219a1d0bd4ba58c10774479e8987\")>"}], "start": 1715535383558, "stop": 1715535383558}, {"name": "Создаем метод, который переходит в раздел \"Личный кабинет\", во вкладку \"История заказов\", получаеттекст заказа, затем переходит во вкладку \"Лента заказов\" и получает текст заказа из списка, после чего,возвращает сравнение текста заказа из вкладки \"История заказа\" и текста заказа из списка заказов", "status": "passed", "steps": [{"name": "Создаем метод, который содержит в себе условное ожидание, пока элемент не станет кликабильными выполяем клик, по элементу, с использованием метода класса WebDriver- find_element", "status": "passed", "parameters": [{"name": "locator", "value": "('xpath', \".//div//a/p[@class = 'AppHeader_header__linkText__3q_va ml-2' and text() = 'Личный Кабинет']\")"}], "start": 1715535383559, "stop": 1715535383785}, {"name": "Создаем метод, который содержит в себе условное ожидание, пока элемент не станет кликабильными выполяем клик, по элементу, с использованием метода класса WebDriver- find_element", "status": "passed", "parameters": [{"name": "locator", "value": "('xpath', \".//li[@class = 'Account_listItem__35dAP']/a[text() = 'История заказов']\")"}], "start": 1715535383785, "stop": 1715535384354}, {"name": "Создаем метод, который использует метод класса find_element_with_wait для получения текста элемента", "status": "passed", "steps": [{"name": "Создаем метод, который содержит в себе условное ожидание, пока элемент не станет видимыми метод класса WebDriver - find_element", "status": "passed", "parameters": [{"name": "locator", "value": "('xpath', \".//div[@class = 'OrderHistory_orderHistory__qy1VB']/ul/li[1]//p[@class = 'text text_type_digits-default']\")"}], "start": 1715535384355, "stop": 1715535384882}], "parameters": [{"name": "locator", "value": "('xpath', \".//div[@class = 'OrderHistory_orderHistory__qy1VB']/ul/li[1]//p[@class = 'text text_type_digits-default']\")"}], "start": 1715535384354, "stop": 1715535384893}, {"name": "Создаем метод, который содержит в себе условное ожидание, пока элемент не станет кликабильными выполяем клик, по элементу, с использованием метода класса WebDriver- find_element", "status": "passed", "parameters": [{"name": "locator", "value": "('xpath', \".//p[@class = 'AppHeader_header__linkText__3q_va ml-2' and text() = 'Лента Заказов']\")"}], "start": 1715535384893, "stop": 1715535384961}, {"name": "Создаем метод, который использует метод класса find_element_with_wait для получения текста элемента", "status": "passed", "steps": [{"name": "Создаем метод, который содержит в себе условное ожидание, пока элемент не станет видимыми метод класса WebDriver - find_element", "status": "passed", "parameters": [{"name": "locator", "value": "('xpath', \".//div[@class = 'OrderFeed_contentBox__3-tWb']/ul/li[1]/a/div/p[@class = 'text text_type_digits-default']\")"}], "start": 1715535384961, "stop": 1715535385486}], "parameters": [{"name": "locator", "value": "('xpath', \".//div[@class = 'OrderFeed_contentBox__3-tWb']/ul/li[1]/a/div/p[@class = 'text text_type_digits-default']\")"}], "start": 1715535384961, "stop": 1715535385491}], "start": 1715535383559, "stop": 1715535385491}], "parameters": [{"name": "driver", "value": "'chrome'"}], "start": 1715535383558, "stop": 1715535385491, "uuid": "be774f90-b2b4-4f12-acd2-ff3d440be728", "historyId": "474bfbc42560240fb2cf4a08d42dd0d8", "testCaseId": "9105758e3053efa835e5a8d3de2b0d75", "fullName": "tests.test_order_list_page.TestOrderListPage#test_history_order_in_order_list", "labels": [{"name": "parentSuite", "value": "tests"}, {"name": "suite", "value": "test_order_list_page"}, {"name": "subSuite", "value": "TestOrderListPage"}, {"name": "host", "value": "ubuntupc-ThinkPad-T14-Gen-2i"}, {"name": "thread", "value": "248515-MainThread"}, {"name": "framework", "value": "pytest"}, {"name": "language", "value": "cpython3"}, {"name": "package", "value": "tests.test_order_list_page"}]}