{"name": "Проверка, что заказ во вкладке \"История заказов\", отображается в списке заказов на странице \"Лента заказов", "status": "failed", "statusDetails": {"message": "AssertionError: assert False is True", "trace": "self = <tests.test_order_list_page.TestOrderListPage object at 0x700ee4bacbe0>, driver = <selenium.webdriver.chrome.webdriver.WebDriver (session=\"cbd98c0b6f47e5ed3eb6c810a352dd80\")>, log_in = None, create_order = None\n\n    @allure.title('Проверка, что заказ во вкладке \"История заказов\", отображается в списке заказов на странице \"Лента заказов')\n    @allure.description(\n        'На главной странице, находим элемент вкладки \"Личный кабинет\" и по клику переходим на страницу \"Личный кабинет.'\n        'На странице \"Личный кабинет, находим элемент вкладки \"История заказов\" и переходим на нее по клику.'\n        'Получам текст элемента заказа, находим элемент вкладки \"Лента заказов\" и по клику переходим на страницу \"Лента заказов\".'\n        'На странице \"Лента заказов\", находим элемент заказа в списке заказов и проверяем, что метод возвращает равенство '\n        'текстов заказа из вкладки \"История заказов\" и заказа из списка заказов')\n    def test_history_order_in_order_list(self, driver, log_in, create_order):\n         order_list_page = OrderListPage(driver)\n         result = order_list_page.get_history_order_in_order_list()\n    \n>        assert result is True\nE        assert False is True\n\ntests/test_order_list_page.py:26: AssertionError"}, "description": "На главной странице, находим элемент вкладки \"Личный кабинет\" и по клику переходим на страницу \"Личный кабинет.На странице \"Личный кабинет, находим элемент вкладки \"История заказов\" и переходим на нее по клику.Получам текст элемента заказа, находим элемент вкладки \"Лента заказов\" и по клику переходим на страницу \"Лента заказов\".На странице \"Лента заказов\", находим элемент заказа в списке заказов и проверяем, что метод возвращает равенство текстов заказа из вкладки \"История заказов\" и заказа из списка заказов", "steps": [{"name": "Принимаем экземпляр драйвера и сохраняем его в атрибут self.driver", "status": "passed", "parameters": [{"name": "driver", "value": "<selenium.webdriver.chrome.webdriver.WebDriver (session=\"cbd98c0b6f47e5ed3eb6c810a352dd80\")>"}], "start": 1716061545906, "stop": 1716061545906}, {"name": "Создаем метод, который переходит в раздел \"Личный кабинет\", во вкладку \"История заказов\", получаеттекст заказа, затем переходит во вкладку \"Лента заказов\" и получает текст заказа из списка, после чего,возвращает сравнение текста заказа из вкладки \"История заказа\" и текста заказа из списка заказов", "status": "passed", "steps": [{"name": "Создаем метод, который содержит в себе условное ожидание, пока элемент не станет кликабильными выполяем клик, по элементу, с использованием метода класса WebDriver- find_element", "status": "passed", "parameters": [{"name": "locator", "value": "('xpath', \".//header//a/p[contains(@class, 'AppHeader_header__linkText__3q_va ml-2') and contains(text(), 'Личный Кабинет')]\")"}], "start": 1716061545906, "stop": 1716061546171}, {"name": "Создаем метод, который содержит в себе условное ожидание, пока элемент не станет кликабильными выполяем клик, по элементу, с использованием метода класса WebDriver- find_element", "status": "passed", "parameters": [{"name": "locator", "value": "('xpath', \".//li[@class = 'Account_listItem__35dAP']/a[text() = 'История заказов']\")"}], "start": 1716061546171, "stop": 1716061546743}, {"name": "Создаем метод, который использует метод класса find_element_with_wait для получения текста элемента", "status": "passed", "steps": [{"name": "Создаем метод, который содержит в себе условное ожидание, пока элемент не станет видимыми метод класса WebDriver - find_element", "status": "passed", "parameters": [{"name": "locator", "value": "('xpath', \".//div[@class = 'OrderHistory_orderHistory__qy1VB']/ul/li[1]//p[@class = 'text text_type_digits-default']\")"}], "start": 1716061546743, "stop": 1716061547294}], "parameters": [{"name": "locator", "value": "('xpath', \".//div[@class = 'OrderHistory_orderHistory__qy1VB']/ul/li[1]//p[@class = 'text text_type_digits-default']\")"}], "start": 1716061546743, "stop": 1716061547309}, {"name": "Создаем метод, который содержит в себе условное ожидание, пока элемент не станет кликабильными выполяем клик, по элементу, с использованием метода класса WebDriver- find_element", "status": "passed", "parameters": [{"name": "locator", "value": "('xpath', \".//p[@class = 'AppHeader_header__linkText__3q_va ml-2' and text() = 'Лента Заказов']\")"}], "start": 1716061547309, "stop": 1716061547368}, {"name": "Создаем метод, который использует метод класса find_element_with_wait для получения текста элемента", "status": "passed", "steps": [{"name": "Создаем метод, который содержит в себе условное ожидание, пока элемент не станет видимыми метод класса WebDriver - find_element", "status": "passed", "parameters": [{"name": "locator", "value": "('xpath', \".//div[@class = 'OrderFeed_contentBox__3-tWb']/ul/li[1]/a/div/p[@class = 'text text_type_digits-default']\")"}], "start": 1716061547368, "stop": 1716061547901}], "parameters": [{"name": "locator", "value": "('xpath', \".//div[@class = 'OrderFeed_contentBox__3-tWb']/ul/li[1]/a/div/p[@class = 'text text_type_digits-default']\")"}], "start": 1716061547368, "stop": 1716061547906}], "start": 1716061545906, "stop": 1716061547906}], "parameters": [{"name": "driver", "value": "'chrome'"}], "start": 1716061545906, "stop": 1716061547907, "uuid": "65fea49d-6180-467f-a0a9-85b04d7d8a86", "historyId": "474bfbc42560240fb2cf4a08d42dd0d8", "testCaseId": "9105758e3053efa835e5a8d3de2b0d75", "fullName": "tests.test_order_list_page.TestOrderListPage#test_history_order_in_order_list", "labels": [{"name": "parentSuite", "value": "tests"}, {"name": "suite", "value": "test_order_list_page"}, {"name": "subSuite", "value": "TestOrderListPage"}, {"name": "host", "value": "ubuntupc-ThinkPad-T14-Gen-2i"}, {"name": "thread", "value": "166313-MainThread"}, {"name": "framework", "value": "pytest"}, {"name": "language", "value": "cpython3"}, {"name": "package", "value": "tests.test_order_list_page"}]}