{"name": "Проверка, что кол-во заказов за сегодня, увеличивается после создания нового заказа", "status": "failed", "statusDetails": {"message": "AssertionError: assert 147 < 147", "trace": "self = <tests.test_order_list_page.TestOrderListPage object at 0x710172c83970>, driver = <selenium.webdriver.chrome.webdriver.WebDriver (session=\"f39a6e09a0c500f6e10ec33a6aed556f\")>\nregistration_user_data = 'test_user5061@yandex.ru'\n\n    @allure.title('Проверка, что кол-во заказов за сегодня, увеличивается после создания нового заказа')\n    @allure.description(\n        'На главной странице, находим элемент вкладки \"Лента заказов\" и переходм на нее по клику.'\n        'На странице \"Лента заказов\", находим элемент кол-ва заказов за сегодня и сохраняем его в переменную.'\n        'На главной странице выполняем заказ, переходим на вкладку \"Лента заказов\" и находим'\n        'элемент кол-ва заказов за сегодня, значение которого увеличилось, после нового заказка. Проверяем,'\n        'что количество заказов за сегодня до оформления нового заказа, меньше, чем количество после.')\n    def test_get_today_orders(self, driver, registration_user_data):\n        main_page = MainPage(driver)\n        order_list_page = OrderListPage(driver)\n        start_page = StartPage(driver)\n    \n        main_page.go_to_log_in()\n        start_page.log_in(registration_user_data)\n        main_page.go_to_order_list()\n    \n        today_orders_before = order_list_page.get_today_orders()\n    \n        main_page.go_to_constructor()\n        main_page.create_order()\n        main_page.go_to_order_list()\n    \n        today_orders_after = order_list_page.get_today_orders()\n    \n    \n>       assert today_orders_before < today_orders_after\nE       assert 147 < 147\n\ntests/test_order_list_page.py:97: AssertionError"}, "description": "На главной странице, находим элемент вкладки \"Лента заказов\" и переходм на нее по клику.На странице \"Лента заказов\", находим элемент кол-ва заказов за сегодня и сохраняем его в переменную.На главной странице выполняем заказ, переходим на вкладку \"Лента заказов\" и находимэлемент кол-ва заказов за сегодня, значение которого увеличилось, после нового заказка. Проверяем,что количество заказов за сегодня до оформления нового заказа, меньше, чем количество после.", "steps": [{"name": "Принимаем экземпляр драйвера и сохраняем его в атрибут self.driver", "status": "passed", "parameters": [{"name": "driver", "value": "<selenium.webdriver.chrome.webdriver.WebDriver (session=\"f39a6e09a0c500f6e10ec33a6aed556f\")>"}], "start": 1716405859971, "stop": 1716405859971}, {"name": "Принимаем экземпляр драйвера и сохраняем его в атрибут self.driver", "status": "passed", "parameters": [{"name": "driver", "value": "<selenium.webdriver.chrome.webdriver.WebDriver (session=\"f39a6e09a0c500f6e10ec33a6aed556f\")>"}], "start": 1716405859971, "stop": 1716405859971}, {"name": "Принимаем экземпляр драйвера и сохраняем его в атрибут self.driver", "status": "passed", "parameters": [{"name": "driver", "value": "<selenium.webdriver.chrome.webdriver.WebDriver (session=\"f39a6e09a0c500f6e10ec33a6aed556f\")>"}], "start": 1716405859971, "stop": 1716405859971}, {"name": "Создаем метод, который выполняет клик по кнопке \"Войти в аккаунт, для перехода на страницу авторизации", "status": "passed", "steps": [{"name": "Создаем метод, который содержит в себе условное ожидание, пока элемент не станет кликабильными выполяем клик, по элементу, с использованием метода класса WebDriver- find_element", "status": "passed", "parameters": [{"name": "locator", "value": "('xpath', \".//div/button[@class = 'button_button__33qZ0 button_button_type_primary__1O7Bx button_button_size_large__G21Vg' and text()= 'Войти в аккаунт']\")"}], "start": 1716405859971, "stop": 1716405860049}], "start": 1716405859971, "stop": 1716405860049}, {"name": "Создаем метод, которвый выполняет ввод данных для авториации в поля \"Email\" и \"Пароль\" и нажимаетна кнопку \"Войти\", для выполнения авторизации пользователя.", "status": "passed", "steps": [{"name": "Создаем метод с и использованием метода класса WebDriver - end_keys, который добавляет текст в элемент", "status": "passed", "steps": [{"name": "Создаем метод, который содержит в себе условное ожидание, пока элемент не станет видимыми метод класса WebDriver - find_element", "status": "passed", "parameters": [{"name": "locator", "value": "('xpath', \".//*[text()='Email']/following-sibling::input\")"}], "start": 1716405860049, "stop": 1716405860067}], "parameters": [{"name": "locator", "value": "('xpath', \".//*[text()='Email']/following-sibling::input\")"}, {"name": "text", "value": "'test_user5061@yandex.ru'"}], "start": 1716405860049, "stop": 1716405860117}, {"name": "Создаем метод с и использованием метода класса WebDriver - end_keys, который добавляет текст в элемент", "status": "passed", "steps": [{"name": "Создаем метод, который содержит в себе условное ожидание, пока элемент не станет видимыми метод класса WebDriver - find_element", "status": "passed", "parameters": [{"name": "locator", "value": "('xpath', \".//*[text()='Пароль']/following-sibling::input\")"}], "start": 1716405860117, "stop": 1716405860136}], "parameters": [{"name": "locator", "value": "('xpath', \".//*[text()='Пароль']/following-sibling::input\")"}, {"name": "text", "value": "123456"}], "start": 1716405860117, "stop": 1716405860168}, {"name": "Создаем метод, который содержит в себе условное ожидание, пока элемент не станет кликабильными выполяем клик, по элементу, с использованием метода класса WebDriver- find_element", "status": "passed", "parameters": [{"name": "locator", "value": "('xpath', \".//button[text()='Войти']\")"}], "start": 1716405860168, "stop": 1716405860217}], "parameters": [{"name": "email", "value": "'test_user5061@yandex.ru'"}], "start": 1716405860049, "stop": 1716405860217}, {"name": "Создаем метод, который переходи на вкладку \"Лента заказаов\"", "status": "passed", "steps": [{"name": "Создаем метод, который содержит в себе условное ожидание, пока элемент не станет кликабильными выполяем клик, по элементу, с использованием метода класса WebDriver- find_element", "status": "passed", "parameters": [{"name": "locator", "value": "('xpath', \".//p[contains(@class, 'AppHeader_header__linkText__3q_va') and contains(text(), 'Лента Заказов')]\")"}], "start": 1716405860218, "stop": 1716405860675}], "start": 1716405860218, "stop": 1716405860675}, {"name": "Создаем метод, который возвращает текст элемента количества заказаов за сегодня.", "status": "passed", "steps": [{"name": "Создаем метод, который использует метод класса find_element_with_wait для получения текста элемента", "status": "passed", "steps": [{"name": "Создаем метод, который содержит в себе условное ожидание, пока элемент не станет видимыми метод класса WebDriver - find_element", "status": "passed", "parameters": [{"name": "locator", "value": "('xpath', \".//div/p[text() = 'Выполнено за сегодня:']/following-sibling::p[@class = 'OrderFeed_number__2MbrQ text text_type_digits-large']\")"}], "start": 1716405860675, "stop": 1716405861234}], "parameters": [{"name": "locator", "value": "('xpath', \".//div/p[text() = 'Выполнено за сегодня:']/following-sibling::p[@class = 'OrderFeed_number__2MbrQ text text_type_digits-large']\")"}], "start": 1716405860675, "stop": 1716405861247}], "start": 1716405860675, "stop": 1716405861247}, {"name": "Создаем метод, который переходи на вкладку \"Конструктор\"", "status": "passed", "steps": [{"name": "Создаем метод, который содержит в себе условное ожидание, пока элемент не станет кликабильными выполяем клик, по элементу, с использованием метода класса WebDriver- find_element", "status": "passed", "parameters": [{"name": "locator", "value": "('xpath', \".//div//p[text() = 'Конструктор']\")"}], "start": 1716405861247, "stop": 1716405861295}], "start": 1716405861247, "stop": 1716405861295}, {"name": "Создаем метод, который перемещает ингредиент в поле конструктора заказа, нажимает на кнопку \"Оформить заказ\"и закрывает модальное окно.", "status": "passed", "steps": [{"name": "Создаем метод, который зажимает кликом требуемый элемент и переносит его в целевую область на странице", "status": "passed", "steps": [{"name": "Создаем метод, который содержит в себе условное ожидание, пока элемент не станет видимыми метод класса WebDriver - find_element", "status": "passed", "parameters": [{"name": "locator", "value": "('xpath', \".//p[text() = 'Флюоресцентная булка R2-D3']\")"}], "start": 1716405861296, "stop": 1716405861325}, {"name": "Создаем метод, который содержит в себе условное ожидание, пока элемент не станет видимыми метод класса WebDriver - find_element", "status": "passed", "parameters": [{"name": "locator", "value": "('xpath', \".//span[text() = 'Перетяните булочку сюда (верх)']\")"}], "start": 1716405861326, "stop": 1716405861345}], "parameters": [{"name": "locator_1", "value": "('xpath', \".//p[text() = 'Флюоресцентная булка R2-D3']\")"}, {"name": "locator_2", "value": "('xpath', \".//span[text() = 'Перетяните булочку сюда (верх)']\")"}], "start": 1716405861296, "stop": 1716405861897}, {"name": "Создаем метод, который содержит в себе условное ожидание, пока элемент не станет кликабильными выполяем клик, по элементу, с использованием метода класса WebDriver- find_element", "status": "passed", "parameters": [{"name": "locator", "value": "('xpath', \".//div//div/button[@class = 'button_button__33qZ0 button_button_type_primary__1O7Bx button_button_size_large__G21Vg' and text() = 'Оформить заказ']\")"}], "start": 1716405861897, "stop": 1716405861940}, {"name": "Создаем метод, который содержит в себе условное ожидание, пока элемент не станет кликабильными выполяем клик, по элементу, с использованием метода класса WebDriver- find_element", "status": "passed", "parameters": [{"name": "locator", "value": "('xpath', \".//div/button[contains(@class, 'Modal_modal__close_modified__3V5XS Modal_modal__close__TnseK')]\")"}], "start": 1716405861941, "stop": 1716405863184}], "start": 1716405861296, "stop": 1716405863184}, {"name": "Создаем метод, который переходи на вкладку \"Лента заказаов\"", "status": "passed", "steps": [{"name": "Создаем метод, который содержит в себе условное ожидание, пока элемент не станет кликабильными выполяем клик, по элементу, с использованием метода класса WebDriver- find_element", "status": "passed", "parameters": [{"name": "locator", "value": "('xpath', \".//p[contains(@class, 'AppHeader_header__linkText__3q_va') and contains(text(), 'Лента Заказов')]\")"}], "start": 1716405863184, "stop": 1716405863442}], "start": 1716405863184, "stop": 1716405863442}, {"name": "Создаем метод, который возвращает текст элемента количества заказаов за сегодня.", "status": "passed", "steps": [{"name": "Создаем метод, который использует метод класса find_element_with_wait для получения текста элемента", "status": "passed", "steps": [{"name": "Создаем метод, который содержит в себе условное ожидание, пока элемент не станет видимыми метод класса WebDriver - find_element", "status": "passed", "parameters": [{"name": "locator", "value": "('xpath', \".//div/p[text() = 'Выполнено за сегодня:']/following-sibling::p[@class = 'OrderFeed_number__2MbrQ text text_type_digits-large']\")"}], "start": 1716405863443, "stop": 1716405863999}], "parameters": [{"name": "locator", "value": "('xpath', \".//div/p[text() = 'Выполнено за сегодня:']/following-sibling::p[@class = 'OrderFeed_number__2MbrQ text text_type_digits-large']\")"}], "start": 1716405863443, "stop": 1716405864006}], "start": 1716405863442, "stop": 1716405864006}], "parameters": [{"name": "driver", "value": "'chrome'"}], "start": 1716405859970, "stop": 1716405864006, "uuid": "501fae04-8d25-492a-98ed-4f971c86a7c3", "historyId": "b7be9b9ee7e31e1a00311978adc23a5c", "testCaseId": "96e29541c510313ba0cf48cc7e7f8734", "fullName": "tests.test_order_list_page.TestOrderListPage#test_get_today_orders", "labels": [{"name": "parentSuite", "value": "tests"}, {"name": "suite", "value": "test_order_list_page"}, {"name": "subSuite", "value": "TestOrderListPage"}, {"name": "host", "value": "ubuntupc-ThinkPad-T14-Gen-2i"}, {"name": "thread", "value": "220226-MainThread"}, {"name": "framework", "value": "pytest"}, {"name": "language", "value": "cpython3"}, {"name": "package", "value": "tests.test_order_list_page"}]}